<?xml version="1.0" encoding="UTF-8" standalone="yes"?>
<ns2:test-suite xmlns:ns2="urn:model.allure.qatools.yandex.ru" start="1463666998894" stop="1463667023180" version="1.4.5">
    <name>Default Suite</name>
    <title>Default Suite : jdi-uitest-framework[]</title>
    <test-cases>
        <test-case start="1463666999691" stop="1463667023179" status="failed">
            <name>presentationTest</name>
            <failure>
                <message>AssertionError: Failed to do 'Get value' action. Reason: java.lang.AssertionError: Do action Get value failed. Can't got result. Reason: java.lang.AssertionError: Failed to do 'Get web element' action. Reason: java.lang.AssertionError: Do action Get web element failed. Can't got result. Reason: java.lang.RuntimeException: java.lang.RuntimeException: org.openqa.selenium.InvalidSelectorException: invalid selector: An invalid or illegal selector was specified
  (Session info: chrome=50.0.2661.102)
  (Driver info: chromedriver=2.20.353145 (343b531d31eeb933ec778dbcf7081628a1396067),platform=Windows NT 6.3 x86_64) (WARNING: The server did not provide any stacktrace information)
Command duration or timeout: 14 milliseconds
For documentation on this error, please visit: http://seleniumhq.org/exceptions/invalid_selector_exception.html
Build info: version: '2.45.0', revision: '5017cb8e7ca8e37638dc3091b2440b90a1d8686f', time: '2015-02-27 09:10:26'
System info: host: 'EPBYMINW6235', ip: '10.6.211.72', os.name: 'Windows 8.1', os.arch: 'amd64', os.version: '6.3', java.version: '1.8.0_92'
Driver info: org.openqa.selenium.chrome.ChromeDriver
Capabilities [{applicationCacheEnabled=false, rotatable=false, mobileEmulationEnabled=false, chrome={userDataDir=C:\Users\ROMAN_~1\AppData\Local\Temp\scoped_dir8976_8968}, takesHeapSnapshot=true, databaseEnabled=false, handlesAlerts=true, hasTouchScreen=false, version=50.0.2661.102, platform=WIN8_1, browserConnectionEnabled=false, nativeEvents=true, acceptSslCerts=true, locationContextEnabled=true, webStorageEnabled=true, browserName=chrome, takesScreenshot=true, javascriptEnabled=true, cssSelectorsEnabled=true}]
Session ID: 64e2f39ac939681d0c6804f1930e1dfa
*** Element info: {Using=css selector, value=div.green-button-ui&gt;span:contains('Learn more').desktop}</message>
                <stack-trace>java.lang.AssertionError: Failed to do 'Get value' action. Reason: java.lang.AssertionError: Do action Get value failed. Can't got result. Reason: java.lang.AssertionError: Failed to do 'Get web element' action. Reason: java.lang.AssertionError: Do action Get web element failed. Can't got result. Reason: java.lang.RuntimeException: java.lang.RuntimeException: org.openqa.selenium.InvalidSelectorException: invalid selector: An invalid or illegal selector was specified
  (Session info: chrome=50.0.2661.102)
  (Driver info: chromedriver=2.20.353145 (343b531d31eeb933ec778dbcf7081628a1396067),platform=Windows NT 6.3 x86_64) (WARNING: The server did not provide any stacktrace information)
Command duration or timeout: 14 milliseconds
For documentation on this error, please visit: http://seleniumhq.org/exceptions/invalid_selector_exception.html
Build info: version: '2.45.0', revision: '5017cb8e7ca8e37638dc3091b2440b90a1d8686f', time: '2015-02-27 09:10:26'
System info: host: 'EPBYMINW6235', ip: '10.6.211.72', os.name: 'Windows 8.1', os.arch: 'amd64', os.version: '6.3', java.version: '1.8.0_92'
Driver info: org.openqa.selenium.chrome.ChromeDriver
Capabilities [{applicationCacheEnabled=false, rotatable=false, mobileEmulationEnabled=false, chrome={userDataDir=C:\Users\ROMAN_~1\AppData\Local\Temp\scoped_dir8976_8968}, takesHeapSnapshot=true, databaseEnabled=false, handlesAlerts=true, hasTouchScreen=false, version=50.0.2661.102, platform=WIN8_1, browserConnectionEnabled=false, nativeEvents=true, acceptSslCerts=true, locationContextEnabled=true, webStorageEnabled=true, browserName=chrome, takesScreenshot=true, javascriptEnabled=true, cssSelectorsEnabled=true}]
Session ID: 64e2f39ac939681d0c6804f1930e1dfa
*** Element info: {Using=css selector, value=div.green-button-ui&gt;span:contains('Learn more').desktop}
	at org.testng.Assert.fail(Assert.java:94)
	at com.epam.web.matcher.base.BaseMatcher.assertException(BaseMatcher.java:155)
	at com.epam.web.matcher.base.BaseMatcher.exception(BaseMatcher.java:146)
	at com.epam.jdi.uitests.core.settings.JDISettings.exception(JDISettings.java:91)
	at com.epam.jdi.uitests.web.selenium.elements.actions.ActionInvoker.doJActionResult(ActionInvoker.java:65)
	at com.epam.jdi.uitests.web.selenium.elements.actions.ActionInvoker.doJActionResult(ActionInvoker.java:48)
	at com.epam.jdi.uitests.web.selenium.elements.actions.ElementsActions.getValue(ElementsActions.java:71)
	at com.epam.jdi.uitests.web.selenium.elements.common.Text.getValue(Text.java:50)
	at com.epam.jdi.uitests.testing.career.presentation.PresentationTests.presentationTest(PresentationTests.java:30)
	at sun.reflect.NativeMethodAccessorImpl.invoke0(Native Method)
	at sun.reflect.NativeMethodAccessorImpl.invoke(NativeMethodAccessorImpl.java:62)
	at sun.reflect.DelegatingMethodAccessorImpl.invoke(DelegatingMethodAccessorImpl.java:43)
	at java.lang.reflect.Method.invoke(Method.java:498)
	at org.testng.internal.MethodInvocationHelper.invokeMethod(MethodInvocationHelper.java:84)
	at org.testng.internal.Invoker.invokeMethod(Invoker.java:714)
	at org.testng.internal.Invoker.invokeTestMethod(Invoker.java:901)
	at org.testng.internal.Invoker.invokeTestMethods(Invoker.java:1231)
	at org.testng.internal.TestMethodWorker.invokeTestMethods(TestMethodWorker.java:127)
	at org.testng.internal.TestMethodWorker.run(TestMethodWorker.java:111)
	at org.testng.TestRunner.privateRun(TestRunner.java:767)
	at org.testng.TestRunner.run(TestRunner.java:617)
	at org.testng.SuiteRunner.runTest(SuiteRunner.java:334)
	at org.testng.SuiteRunner.runSequentially(SuiteRunner.java:329)
	at org.testng.SuiteRunner.privateRun(SuiteRunner.java:291)
	at org.testng.SuiteRunner.run(SuiteRunner.java:240)
	at org.testng.SuiteRunnerWorker.runSuite(SuiteRunnerWorker.java:52)
	at org.testng.SuiteRunnerWorker.run(SuiteRunnerWorker.java:86)
	at org.testng.TestNG.runSuitesSequentially(TestNG.java:1224)
	at org.testng.TestNG.runSuitesLocally(TestNG.java:1149)
	at org.testng.TestNG.run(TestNG.java:1057)
	at org.testng.IDEARemoteTestNG.run(IDEARemoteTestNG.java:74)
	at org.testng.RemoteTestNGStarter.main(RemoteTestNGStarter.java:121)
	at sun.reflect.NativeMethodAccessorImpl.invoke0(Native Method)
	at sun.reflect.NativeMethodAccessorImpl.invoke(NativeMethodAccessorImpl.java:62)
	at sun.reflect.DelegatingMethodAccessorImpl.invoke(DelegatingMethodAccessorImpl.java:43)
	at java.lang.reflect.Method.invoke(Method.java:498)
	at com.intellij.rt.execution.application.AppMain.main(AppMain.java:144)
</stack-trace>
            </failure>
            <steps/>
            <attachments/>
            <labels>
                <label name="host" value="EPBYMINW6235"/>
                <label name="thread" value="1500@EPBYMINW6235.main"/>
            </labels>
        </test-case>
    </test-cases>
    <labels>
        <label name="framework" value="TestNG"/>
        <label name="language" value="JAVA"/>
    </labels>
</ns2:test-suite>
